<testsuites id="" name="" tests="1" failures="0" skipped="0" errors="1" time="75.45644499999999">
<testsuite name="regression\app_tracker_regression.spec.ts" timestamp="2026-05-05T07:29:34.345Z" hostname="chromium" tests="1" failures="0" skipped="0" time="67.602" errors="1">
<testcase name="app tracker regression flow" classname="regression\app_tracker_regression.spec.ts" time="67.602">
<system-out>
<![CDATA[[2026-05-05T07:29:38.821Z] INFO - BasePage: Loading Aditya Birla UAT login page
[2026-05-05T07:29:38.841Z] INFO - BasePage: Navigating to: https://leapuat.adityabirlasunlifeinsurance.com/uat/#/login
[2026-05-05T07:29:41.843Z] DEBUG - Waits: Page loaded successfully
[2026-05-05T07:29:42.059Z] INFO - BasePage: Entering credentials for user: BR4641
[2026-05-05T07:29:42.091Z] DEBUG - Waits: Locator element became visible
[2026-05-05T07:29:42.229Z] DEBUG - Waits: Locator element became visible
[2026-05-05T07:29:42.346Z] INFO - BasePage: Credentials entered successfully
[2026-05-05T07:29:42.347Z] INFO - BasePage: Clicking login button
[2026-05-05T07:29:42.663Z] INFO - BasePage: Login button clicked
Opening side menu...
Navigating to Application Tracker...
Current Tracker URL: https://onboarding-uat.adityabirlasunlifeinsurance.com/app-tracker/applications
--- Top Navigation Interactions ---
[INFO] 2026-05-05T07:29:50.864Z - [OK] Theme toggled
[INFO] 2026-05-05T07:29:51.967Z - [OK] Account menu opened
[INFO] 2026-05-05T07:29:51.982Z - [OK] User initials: SU
User initials found: SU
[INFO] 2026-05-05T07:29:52.036Z - [OK] Account menu closed
--- Filter Chips Interactions ---
[INFO] 2026-05-05T07:29:52.087Z - [OK] Active Filter Chips trigger is visible
Opening filter dropdown...
[INFO] 2026-05-05T07:29:52.137Z - [INFO] Dropdown already open
[INFO] 2026-05-05T07:29:54.209Z - [OK] Available statuses: 
Available statuses: 
--- Search Bar Validation ---
[INFO] 2026-05-05T07:29:54.327Z - [OK] Search type: App No.
[INFO] 2026-05-05T07:29:54.355Z - [OK] Date filter label: Prev + Current Month
[INFO] 2026-05-05T07:29:54.355Z - [OK] Filter & Search Bar validated successfully
[INFO] 2026-05-05T07:29:54.355Z - [FilterSearchBar] Validation result: {"searchBarVisible":true,"searchInputVisible":true,"searchType":"App No.","dateFilterVisible":true,"dateFilterLabel":"Prev + Current Month"}
[INFO] 2026-05-05T07:29:54.366Z - [OK] Date filter closed
--- Pagination Validation ---
[INFO] 2026-05-05T07:30:04.404Z - [INFO] Pagination not visible - likely single page result
--- Policy Table Validation ---
[INFO] 2026-05-05T07:30:04.456Z - [OK] Policy List Table is visible
[INFO] 2026-05-05T07:30:05.567Z - [OK] Table headers: App. No.,Proposer Name,Plan Name,App. Recv. On,Modal Premium,Policy No.,Policy Status,R&A Date
[INFO] 2026-05-05T07:30:05.568Z - [OK] All expected columns present
[INFO] 2026-05-05T07:30:05.577Z - [OK] Table row count: 10
[INFO] 2026-05-05T07:30:05.604Z - [OK] Active sort: 'R&A Date' (descending)
[INFO] 2026-05-05T07:30:05.715Z - [OK] Row 0 data: {"app_no":"LA53544139","proposer_name":"Subodh Amal Utpal","plan_name":"ABSLI Digishield Plan","app_recv_on":"05 May '26","modal_premium":"₹ 8,939.85","policy_no":"—","policy_status":"App Form Pending","ra_date":"05 May '26"}
[INFO] 2026-05-05T07:30:05.715Z - [PolicyListTable] Validation result: {"visible":true,"headersValid":true,"rowCount":10,"firstRow":{"app_no":"LA53544139","proposer_name":"Subodh Amal Utpal","plan_name":"ABSLI Digishield Plan","app_recv_on":"05 May '26","modal_premium":"₹ 8,939.85","policy_no":"—","policy_status":"App Form Pending","ra_date":"05 May '26"},"activeSortColumn":"R&A Date","sortDirection":"descending"}
Searching for App No: LA53544139
[INFO] 2026-05-05T07:30:05.878Z - [OK] Searched for: 'LA53544139'
[INFO] 2026-05-05T07:30:08.890Z - [OK] Table row count: 1
Filtered count: 1
--- Detail Drawer Validation ---
[INFO] 2026-05-05T07:30:09.019Z - [OK] Clicked row 0
[INFO] 2026-05-05T07:30:09.110Z - [OK] Detail Drawer is open (selector: div[role='dialog'][data-state='open'])
[INFO] 2026-05-05T07:30:09.216Z - [OK] Detail Drawer is open (selector: div[role='dialog'][data-state='open'])
[INFO] 2026-05-05T07:30:09.293Z - [OK] Drawer header name: 'Subodh Amal Utpal'
[INFO] 2026-05-05T07:30:09.554Z - [OK] Stages: [{"name":"Login & OTP Stage","status":"In Progress"},{"name":"PI Stage","status":"Not Started"},{"name":"Underwriting Stage","status":"Not Started"},{"name":"Final Decision","status":"Not Started"}]
[INFO] 2026-05-05T07:30:09.565Z - [OK] Active stage: 'Login & OTP Stage'
[INFO] 2026-05-05T07:30:09.739Z - [OK] Summary fields: {"Proposer Name":"Subodh Amal Utpal","App. No.":"LA53544139","Plan Name":"ABSLI Digishield Plan","App. Recv. On":"05 May '26","Modal Premium":"₹ 8,939.85","Policy No.":"NA","R&A Date":"05 May '26"}
[INFO] 2026-05-05T07:30:09.842Z - [OK] Workflow sections: Mandatory Declarations,PIVC - Proposer,Document Upload,Payment,Autopay Setup,Proposer Declaration (OTVC)
[INFO] 2026-05-05T07:30:10.440Z - [DetailDrawer] Validation result: {"isOpen":true,"headerName":"Subodh Amal Utpal","ariaTitle":"Application details — Subodh Amal Utpal","stages":[{"name":"Login & OTP Stage","status":"In Progress"},{"name":"PI Stage","status":"Not Started"},{"name":"Underwriting Stage","status":"Not Started"},{"name":"Final Decision","status":"Not Started"}],"activeStage":"Login & OTP Stage","summaryFields":{"Proposer Name":"Subodh Amal Utpal","App. No.":"LA53544139","Plan Name":"ABSLI Digishield Plan","App. Recv. On":"05 May '26","Modal Premium":"₹ 8,939.85","Policy No.":"NA","R&A Date":"05 May '26"},"stageHeading":"Login & OTP Stage","stageBadgeStatus":"In Progress","workflowSections":["Mandatory Declarations","PIVC - Proposer","Document Upload","Payment","Autopay Setup","Proposer Declaration (OTVC)"],"workflowItems":[{"label":"Seller/SP Declaration","status":"Pending"},{"label":"Mode of PIVC","status":""},{"label":"Status of PIVC","status":"Pending"}],"showMoreText":null}
Drawer header: Subodh Amal Utpal
[INFO] 2026-05-05T07:30:10.551Z - [OK] Detail Drawer closed

[[ATTACHMENT|..\..\test-results\regression-app_tracker_reg-3410d-app-tracker-regression-flow-chromium\test-failed-1.png]]

[[ATTACHMENT|..\..\test-results\regression-app_tracker_reg-3410d-app-tracker-regression-flow-chromium\test-failed-2.png]]

[[ATTACHMENT|..\..\test-results\regression-app_tracker_reg-3410d-app-tracker-regression-flow-chromium\video.webm]]

[[ATTACHMENT|..\..\test-results\regression-app_tracker_reg-3410d-app-tracker-regression-flow-chromium\video-1.webm]]

[[ATTACHMENT|..\..\test-results\regression-app_tracker_reg-3410d-app-tracker-regression-flow-chromium\error-context.md]]
[2026-05-05T07:30:15.466Z] INFO - BasePage: Loading Aditya Birla UAT login page
[2026-05-05T07:30:15.468Z] INFO - BasePage: Navigating to: https://leapuat.adityabirlasunlifeinsurance.com/uat/#/login
[2026-05-05T07:30:18.633Z] DEBUG - Waits: Page loaded successfully
[2026-05-05T07:30:18.816Z] INFO - BasePage: Entering credentials for user: BR4641
[2026-05-05T07:30:18.833Z] DEBUG - Waits: Locator element became visible
[2026-05-05T07:30:18.953Z] DEBUG - Waits: Locator element became visible
[2026-05-05T07:30:19.081Z] INFO - BasePage: Credentials entered successfully
[2026-05-05T07:30:19.081Z] INFO - BasePage: Clicking login button
[2026-05-05T07:30:19.456Z] INFO - BasePage: Login button clicked
Opening side menu...
Navigating to Application Tracker...
Current Tracker URL: https://onboarding-uat.adityabirlasunlifeinsurance.com/app-tracker/applications
--- Top Navigation Interactions ---
[INFO] 2026-05-05T07:30:26.270Z - [OK] Theme toggled
[INFO] 2026-05-05T07:30:27.431Z - [OK] Account menu opened
[INFO] 2026-05-05T07:30:27.485Z - [OK] User initials: SU
User initials found: SU
[INFO] 2026-05-05T07:30:27.614Z - [OK] Account menu closed
--- Filter Chips Interactions ---
[INFO] 2026-05-05T07:30:27.728Z - [OK] Active Filter Chips trigger is visible
Opening filter dropdown...
[INFO] 2026-05-05T07:30:28.192Z - [OK] Filter chips dropdown opened
[INFO] 2026-05-05T07:30:30.290Z - [OK] Available statuses: 
Available statuses: 
[INFO] 2026-05-05T07:30:30.895Z - [OK] Filter chips dropdown closed
--- Search Bar Validation ---
[INFO] 2026-05-05T07:30:31.022Z - [OK] Search type: App No.
[INFO] 2026-05-05T07:30:31.076Z - [OK] Date filter label: Prev + Current Month
[INFO] 2026-05-05T07:30:31.076Z - [OK] Filter & Search Bar validated successfully
[INFO] 2026-05-05T07:30:31.076Z - [FilterSearchBar] Validation result: {"searchBarVisible":true,"searchInputVisible":true,"searchType":"App No.","dateFilterVisible":true,"dateFilterLabel":"Prev + Current Month"}
[INFO] 2026-05-05T07:30:31.091Z - [OK] Date filter closed
--- Pagination Validation ---
[INFO] 2026-05-05T07:30:41.137Z - [INFO] Pagination not visible - likely single page result
--- Policy Table Validation ---
[INFO] 2026-05-05T07:30:41.209Z - [OK] Policy List Table is visible
[INFO] 2026-05-05T07:30:42.419Z - [OK] Table headers: App. No.,Proposer Name,Plan Name,App. Recv. On,Modal Premium,Policy No.,Policy Status,R&A Date
[INFO] 2026-05-05T07:30:42.419Z - [OK] All expected columns present
[INFO] 2026-05-05T07:30:42.434Z - [OK] Table row count: 10
[INFO] 2026-05-05T07:30:42.488Z - [OK] Active sort: 'R&A Date' (descending)
[INFO] 2026-05-05T07:30:42.654Z - [OK] Row 0 data: {"app_no":"LA53544139","proposer_name":"Subodh Amal Utpal","plan_name":"ABSLI Digishield Plan","app_recv_on":"05 May '26","modal_premium":"₹ 8,939.85","policy_no":"—","policy_status":"App Form Pending","ra_date":"05 May '26"}
[INFO] 2026-05-05T07:30:42.654Z - [PolicyListTable] Validation result: {"visible":true,"headersValid":true,"rowCount":10,"firstRow":{"app_no":"LA53544139","proposer_name":"Subodh Amal Utpal","plan_name":"ABSLI Digishield Plan","app_recv_on":"05 May '26","modal_premium":"₹ 8,939.85","policy_no":"—","policy_status":"App Form Pending","ra_date":"05 May '26"},"activeSortColumn":"R&A Date","sortDirection":"descending"}
Searching for App No: LA53544139
[INFO] 2026-05-05T07:30:42.889Z - [OK] Searched for: 'LA53544139'
[INFO] 2026-05-05T07:30:45.927Z - [OK] Table row count: 1
Filtered count: 1
--- Detail Drawer Validation ---
[INFO] 2026-05-05T07:30:46.055Z - [OK] Clicked row 0
[INFO] 2026-05-05T07:30:46.298Z - [OK] Detail Drawer is open (selector: div[role='dialog'][data-state='open'])
[INFO] 2026-05-05T07:30:46.426Z - [OK] Detail Drawer is open (selector: div[role='dialog'][data-state='open'])
[INFO] 2026-05-05T07:30:46.583Z - [OK] Drawer header name: 'Subodh Amal Utpal'
[INFO] 2026-05-05T07:30:46.707Z - [OK] Stages: [{"name":"Login & OTP Stage","status":"In Progress"},{"name":"PI Stage","status":"Not Started"},{"name":"Underwriting Stage","status":"Not Started"},{"name":"Final Decision","status":"Not Started"}]
[INFO] 2026-05-05T07:30:46.721Z - [OK] Active stage: 'Login & OTP Stage'
[INFO] 2026-05-05T07:30:46.905Z - [OK] Summary fields: {"Proposer Name":"Subodh Amal Utpal","App. No.":"LA53544139","Plan Name":"ABSLI Digishield Plan","App. Recv. On":"05 May '26","Modal Premium":"₹ 8,939.85","Policy No.":"NA","R&A Date":"05 May '26"}
[INFO] 2026-05-05T07:30:46.988Z - [OK] Workflow sections: Mandatory Declarations,PIVC - Proposer,Document Upload,Payment,Autopay Setup,Proposer Declaration (OTVC)
[INFO] 2026-05-05T07:30:47.572Z - [DetailDrawer] Validation result: {"isOpen":true,"headerName":"Subodh Amal Utpal","ariaTitle":"Application details — Subodh Amal Utpal","stages":[{"name":"Login & OTP Stage","status":"In Progress"},{"name":"PI Stage","status":"Not Started"},{"name":"Underwriting Stage","status":"Not Started"},{"name":"Final Decision","status":"Not Started"}],"activeStage":"Login & OTP Stage","summaryFields":{"Proposer Name":"Subodh Amal Utpal","App. No.":"LA53544139","Plan Name":"ABSLI Digishield Plan","App. Recv. On":"05 May '26","Modal Premium":"₹ 8,939.85","Policy No.":"NA","R&A Date":"05 May '26"},"stageHeading":"Login & OTP Stage","stageBadgeStatus":"In Progress","workflowSections":["Mandatory Declarations","PIVC - Proposer","Document Upload","Payment","Autopay Setup","Proposer Declaration (OTVC)"],"workflowItems":[{"label":"Seller/SP Declaration","status":"Pending"},{"label":"Mode of PIVC","status":""},{"label":"Status of PIVC","status":"Pending"}],"showMoreText":null}
Drawer header: Subodh Amal Utpal
[INFO] 2026-05-05T07:30:47.663Z - [OK] Detail Drawer closed

[[ATTACHMENT|..\..\test-results\regression-app_tracker_reg-3410d-app-tracker-regression-flow-chromium-retry1\test-failed-2.png]]

[[ATTACHMENT|..\..\test-results\regression-app_tracker_reg-3410d-app-tracker-regression-flow-chromium-retry1\test-failed-1.png]]

[[ATTACHMENT|..\..\test-results\regression-app_tracker_reg-3410d-app-tracker-regression-flow-chromium-retry1\video-1.webm]]

[[ATTACHMENT|..\..\test-results\regression-app_tracker_reg-3410d-app-tracker-regression-flow-chromium-retry1\video.webm]]

[[ATTACHMENT|..\..\test-results\regression-app_tracker_reg-3410d-app-tracker-regression-flow-chromium-retry1\error-context.md]]

[[ATTACHMENT|..\..\test-results\regression-app_tracker_reg-3410d-app-tracker-regression-flow-chromium-retry1\trace.zip]]
]]>
</system-out>
<system-err>
<![CDATA[[WARN] 2026-05-05T07:30:04.403Z - [WARN] Pagination footer not visible: TimeoutError: locator.waitFor: Timeout 10000ms exceeded.
Call log:
[2m  - waiting for locator('nav[role=\'navigation\'][aria-label=\'Pagination\']').first() to be visible[22m
[2m    24 × locator resolved to hidden <nav role="navigation" aria-label="Pagination" class="flex items-center justify-between gap-3 border-border w-full border-0 rounded-none px-4 py-3 bg-transparent">…</nav>[22m

[WARN] 2026-05-05T07:30:41.137Z - [WARN] Pagination footer not visible: TimeoutError: locator.waitFor: Timeout 10000ms exceeded.
Call log:
[2m  - waiting for locator('nav[role=\'navigation\'][aria-label=\'Pagination\']').first() to be visible[22m
[2m    24 × locator resolved to hidden <nav role="navigation" aria-label="Pagination" class="flex items-center justify-between gap-3 border-border w-full border-0 rounded-none px-4 py-3 bg-transparent">…</nav>[22m

]]>
</system-err>
<error message="Test timeout of 30000ms exceeded." type="Error">
<![CDATA[  [chromium] › regression\app_tracker_regression.spec.ts:19:5 › app tracker regression flow ────────

    Test timeout of 30000ms exceeded.

    attachment #1: screenshot (image/png) ──────────────────────────────────────────────────────────
    ..\test-results\regression-app_tracker_reg-3410d-app-tracker-regression-flow-chromium\test-failed-1.png
    ────────────────────────────────────────────────────────────────────────────────────────────────

    attachment #2: screenshot (image/png) ──────────────────────────────────────────────────────────
    ..\test-results\regression-app_tracker_reg-3410d-app-tracker-regression-flow-chromium\test-failed-2.png
    ────────────────────────────────────────────────────────────────────────────────────────────────

    attachment #3: video (video/webm) ──────────────────────────────────────────────────────────────
    ..\test-results\regression-app_tracker_reg-3410d-app-tracker-regression-flow-chromium\video.webm
    ────────────────────────────────────────────────────────────────────────────────────────────────

    attachment #4: video (video/webm) ──────────────────────────────────────────────────────────────
    ..\test-results\regression-app_tracker_reg-3410d-app-tracker-regression-flow-chromium\video-1.webm
    ────────────────────────────────────────────────────────────────────────────────────────────────

    Error Context: ..\test-results\regression-app_tracker_reg-3410d-app-tracker-regression-flow-chromium\error-context.md

    Retry #1 ───────────────────────────────────────────────────────────────────────────────────────

    Test timeout of 30000ms exceeded.

    attachment #1: screenshot (image/png) ──────────────────────────────────────────────────────────
    ..\test-results\regression-app_tracker_reg-3410d-app-tracker-regression-flow-chromium-retry1\test-failed-2.png
    ────────────────────────────────────────────────────────────────────────────────────────────────

    attachment #2: screenshot (image/png) ──────────────────────────────────────────────────────────
    ..\test-results\regression-app_tracker_reg-3410d-app-tracker-regression-flow-chromium-retry1\test-failed-1.png
    ────────────────────────────────────────────────────────────────────────────────────────────────

    attachment #3: video (video/webm) ──────────────────────────────────────────────────────────────
    ..\test-results\regression-app_tracker_reg-3410d-app-tracker-regression-flow-chromium-retry1\video-1.webm
    ────────────────────────────────────────────────────────────────────────────────────────────────

    attachment #4: video (video/webm) ──────────────────────────────────────────────────────────────
    ..\test-results\regression-app_tracker_reg-3410d-app-tracker-regression-flow-chromium-retry1\video.webm
    ────────────────────────────────────────────────────────────────────────────────────────────────

    Error Context: ..\test-results\regression-app_tracker_reg-3410d-app-tracker-regression-flow-chromium-retry1\error-context.md

    attachment #6: trace (application/zip) ─────────────────────────────────────────────────────────
    ..\test-results\regression-app_tracker_reg-3410d-app-tracker-regression-flow-chromium-retry1\trace.zip
    Usage:

        npx playwright show-trace ..\test-results\regression-app_tracker_reg-3410d-app-tracker-regression-flow-chromium-retry1\trace.zip

    ────────────────────────────────────────────────────────────────────────────────────────────────
]]>
</error>
</testcase>
</testsuite>
</testsuites>