<?xml version="1.0" encoding="utf-8"?><testsuites name="pytest tests"><testsuite name="pytest" errors="0" failures="2" skipped="0" tests="3" time="48.384" timestamp="2026-04-28T20:52:23.870587+05:30" hostname="BSLITHNDIGL404"><testcase classname="tests.smoke.execute_login_tracker_test.TestLoginTrackerNavigation" name="test_login_tracker_complete_flow" time="27.960"><failure message="playwright._impl._errors.TimeoutError: Locator.wait_for: Timeout 15000ms exceeded.&#10;Call log:&#10;  - waiting for locator(&quot;table:has-text('Application')&quot;) to be visible">tests\smoke\execute_login_tracker_test.py:185: in test_login_tracker_complete_flow
    dashboard_page.wait_for_dashboard_load()
pages\aditya_birla_dashboard_page.py:143: in wait_for_dashboard_load
    self.waits.wait_for_element_visible(table_locator, timeout)
utils\waits.py:24: in wait_for_element_visible
    locator.wait_for(state="visible", timeout=timeout)
..\..\..\AppData\Local\Python\pythoncore-3.14-64\Lib\site-packages\playwright\sync_api\_generated.py:18074: in wait_for
    self._sync(self._impl_obj.wait_for(timeout=timeout, state=state))
..\..\..\AppData\Local\Python\pythoncore-3.14-64\Lib\site-packages\playwright\_impl\_locator.py:710: in wait_for
    await self._frame.wait_for_selector(
..\..\..\AppData\Local\Python\pythoncore-3.14-64\Lib\site-packages\playwright\_impl\_frame.py:369: in wait_for_selector
    await self._channel.send(
..\..\..\AppData\Local\Python\pythoncore-3.14-64\Lib\site-packages\playwright\_impl\_connection.py:69: in send
    return await self._connection.wrap_api_call(
..\..\..\AppData\Local\Python\pythoncore-3.14-64\Lib\site-packages\playwright\_impl\_connection.py:559: in wrap_api_call
    raise rewrite_error(error, f"{parsed_st['apiName']}: {error}") from None
E   playwright._impl._errors.TimeoutError: Locator.wait_for: Timeout 15000ms exceeded.
E   Call log:
E     - waiting for locator("table:has-text('Application')") to be visible</failure></testcase><testcase classname="tests.smoke.execute_login_tracker_test.TestLoginTrackerNavigation" name="test_login_negative_scenarios" time="12.369"><failure message="KeyError: 'errors_validated'">tests\smoke\execute_login_tracker_test.py:439: in test_login_negative_scenarios
    test_details["errors_validated"].append(f"Error message: {error_msg}")
    ^^^^^^^^^^^^^^^^^^^^^^^^^^^^^^^^
E   KeyError: 'errors_validated'</failure></testcase><testcase classname="tests.smoke.execute_login_tracker_test.TestLoginTrackerNavigation" name="test_accessibility_compliance" time="7.675" /></testsuite></testsuites>